{"/Users/io/Sites/pivot-js/src/index.ts": {"path":"/Users/io/Sites/pivot-js/src/index.ts","statementMap":{"0":{"start":{"line":2,"column":0},"end":{"line":2,"column":62}},"1":{"start":{"line":3,"column":0},"end":{"line":3,"column":23}},"2":{"start":{"line":6,"column":4},"end":{"line":8,"column":5}},"3":{"start":{"line":7,"column":8},"end":{"line":7,"column":70}},"4":{"start":{"line":12,"column":18},"end":{"line":12,"column":19}},"5":{"start":{"line":13,"column":18},"end":{"line":13,"column":20}},"6":{"start":{"line":14,"column":22},"end":{"line":14,"column":24}},"7":{"start":{"line":16,"column":18},"end":{"line":22,"column":6}},"8":{"start":{"line":17,"column":23},"end":{"line":17,"column":31}},"9":{"start":{"line":18,"column":23},"end":{"line":18,"column":31}},"10":{"start":{"line":19,"column":8},"end":{"line":19,"column":31}},"11":{"start":{"line":20,"column":8},"end":{"line":20,"column":31}},"12":{"start":{"line":21,"column":8},"end":{"line":21,"column":44}},"13":{"start":{"line":24,"column":20},"end":{"line":24,"column":97}},"14":{"start":{"line":24,"column":59},"end":{"line":24,"column":96}},"15":{"start":{"line":25,"column":4},"end":{"line":27,"column":5}},"16":{"start":{"line":26,"column":8},"end":{"line":26,"column":50}},"17":{"start":{"line":29,"column":4},"end":{"line":31,"column":5}},"18":{"start":{"line":30,"column":8},"end":{"line":30,"column":37}},"19":{"start":{"line":33,"column":19},"end":{"line":84,"column":17}},"20":{"start":{"line":36,"column":8},"end":{"line":59,"column":9}},"21":{"start":{"line":38,"column":12},"end":{"line":58,"column":13}},"22":{"start":{"line":40,"column":20},"end":{"line":40,"column":67}},"23":{"start":{"line":41,"column":20},"end":{"line":41,"column":26}},"24":{"start":{"line":43,"column":20},"end":{"line":43,"column":59}},"25":{"start":{"line":44,"column":20},"end":{"line":44,"column":69}},"26":{"start":{"line":45,"column":20},"end":{"line":45,"column":26}},"27":{"start":{"line":48,"column":20},"end":{"line":48,"column":55}},"28":{"start":{"line":49,"column":20},"end":{"line":49,"column":55}},"29":{"start":{"line":51,"column":20},"end":{"line":56,"column":22}},"30":{"start":{"line":57,"column":20},"end":{"line":57,"column":26}},"31":{"start":{"line":60,"column":29},"end":{"line":60,"column":31}},"32":{"start":{"line":61,"column":8},"end":{"line":78,"column":9}},"33":{"start":{"line":62,"column":23},"end":{"line":62,"column":86}},"34":{"start":{"line":63,"column":12},"end":{"line":63,"column":43}},"35":{"start":{"line":64,"column":12},"end":{"line":77,"column":13}},"36":{"start":{"line":66,"column":20},"end":{"line":66,"column":47}},"37":{"start":{"line":67,"column":20},"end":{"line":67,"column":26}},"38":{"start":{"line":69,"column":20},"end":{"line":69,"column":67}},"39":{"start":{"line":70,"column":20},"end":{"line":70,"column":26}},"40":{"start":{"line":72,"column":20},"end":{"line":72,"column":73}},"41":{"start":{"line":73,"column":20},"end":{"line":73,"column":26}},"42":{"start":{"line":75,"column":20},"end":{"line":75,"column":57}},"43":{"start":{"line":76,"column":20},"end":{"line":76,"column":26}},"44":{"start":{"line":80,"column":22},"end":{"line":80,"column":59}},"45":{"start":{"line":82,"column":8},"end":{"line":82,"column":84}},"46":{"start":{"line":83,"column":8},"end":{"line":83,"column":19}},"47":{"start":{"line":85,"column":18},"end":{"line":85,"column":38}},"48":{"start":{"line":88,"column":20},"end":{"line":88,"column":41}},"49":{"start":{"line":90,"column":18},"end":{"line":90,"column":41}},"50":{"start":{"line":91,"column":19},"end":{"line":91,"column":21}},"51":{"start":{"line":92,"column":4},"end":{"line":92,"column":34}},"52":{"start":{"line":94,"column":4},"end":{"line":117,"column":5}},"53":{"start":{"line":95,"column":21},"end":{"line":95,"column":38}},"54":{"start":{"line":96,"column":22},"end":{"line":96,"column":31}},"55":{"start":{"line":98,"column":8},"end":{"line":102,"column":9}},"56":{"start":{"line":99,"column":12},"end":{"line":100,"column":87}},"57":{"start":{"line":100,"column":43},"end":{"line":100,"column":68}},"58":{"start":{"line":101,"column":12},"end":{"line":101,"column":21}},"59":{"start":{"line":104,"column":8},"end":{"line":110,"column":9}},"60":{"start":{"line":105,"column":12},"end":{"line":108,"column":18}},"61":{"start":{"line":106,"column":35},"end":{"line":106,"column":94}},"62":{"start":{"line":107,"column":16},"end":{"line":107,"column":67}},"63":{"start":{"line":109,"column":12},"end":{"line":109,"column":21}},"64":{"start":{"line":111,"column":8},"end":{"line":114,"column":9}},"65":{"start":{"line":112,"column":12},"end":{"line":112,"column":33}},"66":{"start":{"line":113,"column":12},"end":{"line":113,"column":21}},"67":{"start":{"line":116,"column":8},"end":{"line":116,"column":76}},"68":{"start":{"line":116,"column":53},"end":{"line":116,"column":71}},"69":{"start":{"line":119,"column":4},"end":{"line":119,"column":23}},"70":{"start":{"line":120,"column":4},"end":{"line":120,"column":17}},"71":{"start":{"line":122,"column":0},"end":{"line":122,"column":22}}},"fnMap":{"0":{"name":"assertIsString","decl":{"start":{"line":5,"column":9},"end":{"line":5,"column":23}},"loc":{"start":{"line":5,"column":31},"end":{"line":9,"column":1}},"line":5},"1":{"name":"Pivot","decl":{"start":{"line":11,"column":9},"end":{"line":11,"column":14}},"loc":{"start":{"line":11,"column":53},"end":{"line":121,"column":1}},"line":11},"2":{"name":"(anonymous_2)","decl":{"start":{"line":16,"column":28},"end":{"line":16,"column":29}},"loc":{"start":{"line":16,"column":38},"end":{"line":22,"column":5}},"line":16},"3":{"name":"(anonymous_3)","decl":{"start":{"line":24,"column":48},"end":{"line":24,"column":49}},"loc":{"start":{"line":24,"column":59},"end":{"line":24,"column":96}},"line":24},"4":{"name":"(anonymous_4)","decl":{"start":{"line":33,"column":32},"end":{"line":33,"column":33}},"loc":{"start":{"line":33,"column":46},"end":{"line":84,"column":5}},"line":33},"5":{"name":"(anonymous_5)","decl":{"start":{"line":100,"column":28},"end":{"line":100,"column":29}},"loc":{"start":{"line":100,"column":43},"end":{"line":100,"column":68}},"line":100},"6":{"name":"(anonymous_6)","decl":{"start":{"line":105,"column":41},"end":{"line":105,"column":42}},"loc":{"start":{"line":105,"column":56},"end":{"line":108,"column":13}},"line":105},"7":{"name":"(anonymous_7)","decl":{"start":{"line":116,"column":38},"end":{"line":116,"column":39}},"loc":{"start":{"line":116,"column":53},"end":{"line":116,"column":71}},"line":116}},"branchMap":{"0":{"loc":{"start":{"line":6,"column":4},"end":{"line":8,"column":5}},"type":"if","locations":[{"start":{"line":6,"column":4},"end":{"line":8,"column":5}},{"start":{"line":6,"column":4},"end":{"line":8,"column":5}}],"line":6},"1":{"loc":{"start":{"line":11,"column":39},"end":{"line":11,"column":51}},"type":"default-arg","locations":[{"start":{"line":11,"column":49},"end":{"line":11,"column":51}}],"line":11},"2":{"loc":{"start":{"line":25,"column":4},"end":{"line":27,"column":5}},"type":"if","locations":[{"start":{"line":25,"column":4},"end":{"line":27,"column":5}},{"start":{"line":25,"column":4},"end":{"line":27,"column":5}}],"line":25},"3":{"loc":{"start":{"line":29,"column":4},"end":{"line":31,"column":5}},"type":"if","locations":[{"start":{"line":29,"column":4},"end":{"line":31,"column":5}},{"start":{"line":29,"column":4},"end":{"line":31,"column":5}}],"line":29},"4":{"loc":{"start":{"line":38,"column":12},"end":{"line":58,"column":13}},"type":"switch","locations":[{"start":{"line":39,"column":16},"end":{"line":41,"column":26}},{"start":{"line":42,"column":16},"end":{"line":45,"column":26}},{"start":{"line":46,"column":16},"end":{"line":46,"column":27}},{"start":{"line":47,"column":16},"end":{"line":49,"column":55}},{"start":{"line":50,"column":16},"end":{"line":57,"column":26}}],"line":38},"5":{"loc":{"start":{"line":44,"column":30},"end":{"line":44,"column":68}},"type":"cond-expr","locations":[{"start":{"line":44,"column":53},"end":{"line":44,"column":54}},{"start":{"line":44,"column":57},"end":{"line":44,"column":68}}],"line":44},"6":{"loc":{"start":{"line":53,"column":31},"end":{"line":55,"column":59}},"type":"cond-expr","locations":[{"start":{"line":54,"column":30},"end":{"line":54,"column":39}},{"start":{"line":55,"column":30},"end":{"line":55,"column":59}}],"line":53},"7":{"loc":{"start":{"line":62,"column":23},"end":{"line":62,"column":86}},"type":"cond-expr","locations":[{"start":{"line":62,"column":77},"end":{"line":62,"column":79}},{"start":{"line":62,"column":82},"end":{"line":62,"column":86}}],"line":62},"8":{"loc":{"start":{"line":62,"column":23},"end":{"line":62,"column":74}},"type":"binary-expr","locations":[{"start":{"line":62,"column":23},"end":{"line":62,"column":57}},{"start":{"line":62,"column":61},"end":{"line":62,"column":74}}],"line":62},"9":{"loc":{"start":{"line":64,"column":12},"end":{"line":77,"column":13}},"type":"switch","locations":[{"start":{"line":65,"column":16},"end":{"line":67,"column":26}},{"start":{"line":68,"column":16},"end":{"line":70,"column":26}},{"start":{"line":71,"column":16},"end":{"line":73,"column":26}},{"start":{"line":74,"column":16},"end":{"line":76,"column":26}}],"line":64},"10":{"loc":{"start":{"line":80,"column":22},"end":{"line":80,"column":59}},"type":"cond-expr","locations":[{"start":{"line":80,"column":39},"end":{"line":80,"column":49}},{"start":{"line":80,"column":52},"end":{"line":80,"column":59}}],"line":80},"11":{"loc":{"start":{"line":98,"column":8},"end":{"line":102,"column":9}},"type":"if","locations":[{"start":{"line":98,"column":8},"end":{"line":102,"column":9}},{"start":{"line":98,"column":8},"end":{"line":102,"column":9}}],"line":98},"12":{"loc":{"start":{"line":104,"column":8},"end":{"line":110,"column":9}},"type":"if","locations":[{"start":{"line":104,"column":8},"end":{"line":110,"column":9}},{"start":{"line":104,"column":8},"end":{"line":110,"column":9}}],"line":104},"13":{"loc":{"start":{"line":106,"column":35},"end":{"line":106,"column":94}},"type":"cond-expr","locations":[{"start":{"line":106,"column":57},"end":{"line":106,"column":74}},{"start":{"line":106,"column":77},"end":{"line":106,"column":94}}],"line":106},"14":{"loc":{"start":{"line":107,"column":23},"end":{"line":107,"column":66}},"type":"cond-expr","locations":[{"start":{"line":107,"column":49},"end":{"line":107,"column":52}},{"start":{"line":107,"column":55},"end":{"line":107,"column":66}}],"line":107},"15":{"loc":{"start":{"line":107,"column":23},"end":{"line":107,"column":46}},"type":"binary-expr","locations":[{"start":{"line":107,"column":23},"end":{"line":107,"column":32}},{"start":{"line":107,"column":36},"end":{"line":107,"column":46}}],"line":107},"16":{"loc":{"start":{"line":111,"column":8},"end":{"line":114,"column":9}},"type":"if","locations":[{"start":{"line":111,"column":8},"end":{"line":114,"column":9}},{"start":{"line":111,"column":8},"end":{"line":114,"column":9}}],"line":111}},"s":{"0":1,"1":1,"2":8,"3":0,"4":1,"5":1,"6":1,"7":1,"8":4,"9":4,"10":4,"11":4,"12":4,"13":1,"14":2,"15":1,"16":0,"17":1,"18":0,"19":1,"20":1,"21":2,"22":0,"23":0,"24":1,"25":1,"26":1,"27":1,"28":1,"29":1,"30":1,"31":1,"32":1,"33":2,"34":2,"35":2,"36":1,"37":1,"38":0,"39":0,"40":1,"41":0,"42":0,"43":0,"44":0,"45":0,"46":0,"47":0,"48":0,"49":0,"50":0,"51":0,"52":0,"53":0,"54":0,"55":0,"56":0,"57":0,"58":0,"59":0,"60":0,"61":0,"62":0,"63":0,"64":0,"65":0,"66":0,"67":0,"68":0,"69":0,"70":0,"71":1},"f":{"0":8,"1":1,"2":4,"3":2,"4":1,"5":0,"6":0,"7":0},"b":{"0":[0,8],"1":[1],"2":[0,1],"3":[0,1],"4":[0,1,1,1,1],"5":[1,0],"6":[1,0],"7":[0,2],"8":[2,2],"9":[1,0,1,0],"10":[0,0],"11":[0,0],"12":[0,0],"13":[0,0],"14":[0,0],"15":[0,0],"16":[0,0]},"inputSourceMap":null,"_coverageSchema":"1a1c01bbd47fc00a2c39e90264f33305004495a9","hash":"1168867a19150d7cdd8beba55ebb6b2c59cc7f0d"}
,"/Users/io/Sites/pivot-js/src/trial.ts": {"path":"/Users/io/Sites/pivot-js/src/trial.ts","statementMap":{"0":{"start":{"line":1,"column":16},"end":{"line":6,"column":1}},"1":{"start":{"line":7,"column":0},"end":{"line":9,"column":1}},"2":{"start":{"line":8,"column":4},"end":{"line":8,"column":22}}},"fnMap":{},"branchMap":{},"s":{"0":0,"1":0,"2":0},"f":{},"b":{},"inputSourceMap":null}
}
