TN:
SF:src/index.ts
FN:5,assertIsString
FN:11,Pivot
FN:16,(anonymous_2)
FN:24,(anonymous_3)
FN:33,(anonymous_4)
FN:100,(anonymous_5)
FN:105,(anonymous_6)
FN:116,(anonymous_7)
FNF:8
FNH:5
FNDA:8,assertIsString
FNDA:1,Pivot
FNDA:4,(anonymous_2)
FNDA:2,(anonymous_3)
FNDA:1,(anonymous_4)
FNDA:0,(anonymous_5)
FNDA:0,(anonymous_6)
FNDA:0,(anonymous_7)
DA:2,1
DA:3,1
DA:6,8
DA:7,0
DA:12,1
DA:13,1
DA:14,1
DA:16,1
DA:17,4
DA:18,4
DA:19,4
DA:20,4
DA:21,4
DA:24,2
DA:25,1
DA:26,0
DA:29,1
DA:30,0
DA:33,1
DA:36,1
DA:38,2
DA:40,0
DA:41,0
DA:43,1
DA:44,1
DA:45,1
DA:48,1
DA:49,1
DA:51,1
DA:57,1
DA:60,1
DA:61,1
DA:62,2
DA:63,2
DA:64,2
DA:66,1
DA:67,1
DA:69,0
DA:70,0
DA:72,1
DA:73,0
DA:75,0
DA:76,0
DA:80,0
DA:82,0
DA:83,0
DA:85,0
DA:88,0
DA:90,0
DA:91,0
DA:92,0
DA:94,0
DA:95,0
DA:96,0
DA:98,0
DA:99,0
DA:100,0
DA:101,0
DA:104,0
DA:105,0
DA:106,0
DA:107,0
DA:109,0
DA:111,0
DA:112,0
DA:113,0
DA:116,0
DA:119,0
DA:120,0
DA:122,1
LF:70
LH:34
BRDA:6,0,0,0
BRDA:6,0,1,8
BRDA:11,1,0,1
BRDA:25,2,0,0
BRDA:25,2,1,1
BRDA:29,3,0,0
BRDA:29,3,1,1
BRDA:38,4,0,0
BRDA:38,4,1,1
BRDA:38,4,2,1
BRDA:38,4,3,1
BRDA:38,4,4,1
BRDA:44,5,0,1
BRDA:44,5,1,0
BRDA:53,6,0,1
BRDA:53,6,1,0
BRDA:62,7,0,0
BRDA:62,7,1,2
BRDA:62,8,0,2
BRDA:62,8,1,2
BRDA:64,9,0,1
BRDA:64,9,1,0
BRDA:64,9,2,1
BRDA:64,9,3,0
BRDA:80,10,0,0
BRDA:80,10,1,0
BRDA:98,11,0,0
BRDA:98,11,1,0
BRDA:104,12,0,0
BRDA:104,12,1,0
BRDA:106,13,0,0
BRDA:106,13,1,0
BRDA:107,14,0,0
BRDA:107,14,1,0
BRDA:107,15,0,0
BRDA:107,15,1,0
BRDA:111,16,0,0
BRDA:111,16,1,0
BRF:38
BRH:15
end_of_record
TN:
SF:src/trial.ts
FNF:0
FNH:0
DA:1,0
DA:7,0
DA:8,0
LF:3
LH:0
BRF:0
BRH:0
end_of_record
